2026-06-03 17:06:22 [info     ] --- STARTING NeuralBug EVOLUTION (FITNESS_LONGEVITY) ---
2026-06-03 17:06:22 [info     ] Generations: 50 | Population: 500 | Trials: 3
2026-06-03 17:06:23 [info     ] Generation stats               avg_score=57.90 gen=1 top_score=197.7
2026-06-03 17:06:23 [info     ] New Apex Bug! (FITNESS_LONGEVITY Score: 197.7)
2026-06-03 17:06:23 [info     ] Generation stats               avg_score=62.06 gen=2 top_score=211.0
2026-06-03 17:06:23 [info     ] New Apex Bug! (FITNESS_LONGEVITY Score: 211.0)
2026-06-03 17:06:23 [info     ] Generation stats               avg_score=67.02 gen=3 top_score=536.0
2026-06-03 17:06:23 [info     ] New Apex Bug! (FITNESS_LONGEVITY Score: 536.0)
2026-06-03 17:06:23 [info     ] Generation stats               avg_score=70.91 gen=4 top_score=280.7
2026-06-03 17:06:24 [info     ] Generation stats               avg_score=73.15 gen=5 top_score=1212.7
2026-06-03 17:06:24 [info     ] New Apex Bug! (FITNESS_LONGEVITY Score: 1212.7)
2026-06-03 17:06:24 [info     ] Generation stats               avg_score=72.69 gen=6 top_score=648.3
2026-06-03 17:06:24 [info     ] Generation stats               avg_score=85.08 gen=7 top_score=575.3
2026-06-03 17:06:24 [info     ] Generation stats               avg_score=91.14 gen=8 top_score=702.3
2026-06-03 17:06:25 [info     ] Generation stats               avg_score=132.42 gen=9 top_score=963.3
2026-06-03 17:06:26 [info     ] Generation stats               avg_score=259.40 gen=10 top_score=1165.0
2026-06-03 17:06:27 [info     ] Generation stats               avg_score=313.69 gen=11 top_score=1143.3
2026-06-03 17:06:28 [info     ] Generation stats               avg_score=308.60 gen=12 top_score=1592.0
2026-06-03 17:06:28 [info     ] New Apex Bug! (FITNESS_LONGEVITY Score: 1592.0)
2026-06-03 17:06:29 [info     ] Generation stats               avg_score=338.39 gen=13 top_score=1264.0
2026-06-03 17:06:31 [info     ] Generation stats               avg_score=353.31 gen=14 top_score=1216.3
2026-06-03 17:06:32 [info     ] Generation stats               avg_score=367.77 gen=15 top_score=1157.7
2026-06-03 17:06:34 [info     ] Generation stats               avg_score=400.37 gen=16 top_score=1462.0
2026-06-03 17:06:35 [info     ] Generation stats               avg_score=380.22 gen=17 top_score=1715.3
2026-06-03 17:06:35 [info     ] New Apex Bug! (FITNESS_LONGEVITY Score: 1715.3)
2026-06-03 17:06:37 [info     ] Generation stats               avg_score=409.38 gen=18 top_score=1516.7
2026-06-03 17:06:38 [info     ] Generation stats               avg_score=395.78 gen=19 top_score=1875.0
2026-06-03 17:06:38 [info     ] New Apex Bug! (FITNESS_LONGEVITY Score: 1875.0)
2026-06-03 17:06:40 [info     ] Generation stats               avg_score=415.45 gen=20 top_score=1648.3
2026-06-03 17:06:41 [info     ] Generation stats               avg_score=422.66 gen=21 top_score=1988.0
2026-06-03 17:06:41 [info     ] New Apex Bug! (FITNESS_LONGEVITY Score: 1988.0)
2026-06-03 17:06:43 [info     ] Generation stats               avg_score=421.03 gen=22 top_score=1981.0
2026-06-03 17:06:44 [info     ] Generation stats               avg_score=420.18 gen=23 top_score=1537.7
2026-06-03 17:06:46 [info     ] Generation stats               avg_score=432.69 gen=24 top_score=1559.7
2026-06-03 17:06:48 [info     ] Generation stats               avg_score=437.60 gen=25 top_score=1485.3
2026-06-03 17:06:50 [info     ] Generation stats               avg_score=421.15 gen=26 top_score=2145.3
2026-06-03 17:06:50 [info     ] New Apex Bug! (FITNESS_LONGEVITY Score: 2145.3)
2026-06-03 17:06:51 [info     ] Generation stats               avg_score=434.89 gen=27 top_score=1641.3
2026-06-03 17:06:53 [info     ] Generation stats               avg_score=455.48 gen=28 top_score=1931.7
2026-06-03 17:06:55 [info     ] Generation stats               avg_score=478.18 gen=29 top_score=2436.7
2026-06-03 17:06:55 [info     ] New Apex Bug! (FITNESS_LONGEVITY Score: 2436.7)
2026-06-03 17:06:56 [info     ] Generation stats               avg_score=468.04 gen=30 top_score=2244.7
2026-06-03 17:06:58 [info     ] Generation stats               avg_score=448.81 gen=31 top_score=1694.0
2026-06-03 17:07:00 [info     ] Generation stats               avg_score=511.99 gen=32 top_score=2596.7
2026-06-03 17:07:00 [info     ] New Apex Bug! (FITNESS_LONGEVITY Score: 2596.7)
2026-06-03 17:07:02 [info     ] Generation stats               avg_score=542.95 gen=33 top_score=2647.0
2026-06-03 17:07:02 [info     ] New Apex Bug! (FITNESS_LONGEVITY Score: 2647.0)
2026-06-03 17:07:04 [info     ] Generation stats               avg_score=520.39 gen=34 top_score=2114.7
2026-06-03 17:07:06 [info     ] Generation stats               avg_score=533.58 gen=35 top_score=2593.3
2026-06-03 17:07:08 [info     ] Generation stats               avg_score=577.19 gen=36 top_score=2599.3
2026-06-03 17:07:10 [info     ] Generation stats               avg_score=597.03 gen=37 top_score=3730.7
2026-06-03 17:07:10 [info     ] New Apex Bug! (FITNESS_LONGEVITY Score: 3730.7)
2026-06-03 17:07:12 [info     ] Generation stats               avg_score=668.47 gen=38 top_score=3609.3
2026-06-03 17:07:15 [info     ] Generation stats               avg_score=742.99 gen=39 top_score=2547.3
2026-06-03 17:07:18 [info     ] Generation stats               avg_score=789.73 gen=40 top_score=3356.3
2026-06-03 17:07:21 [info     ] Generation stats               avg_score=893.29 gen=41 top_score=3378.3
2026-06-03 17:07:24 [info     ] Generation stats               avg_score=958.68 gen=42 top_score=3689.3
2026-06-03 17:07:28 [info     ] Generation stats               avg_score=1064.96 gen=43 top_score=4545.0
2026-06-03 17:07:28 [info     ] New Apex Bug! (FITNESS_LONGEVITY Score: 4545.0)
2026-06-03 17:07:32 [info     ] Generation stats               avg_score=1186.72 gen=44 top_score=3708.0
2026-06-03 17:07:36 [info     ] Generation stats               avg_score=1202.20 gen=45 top_score=3890.7
2026-06-03 17:07:41 [info     ] Generation stats               avg_score=1264.21 gen=46 top_score=3761.0
2026-06-03 17:07:47 [info     ] Generation stats               avg_score=1315.87 gen=47 top_score=4647.7
2026-06-03 17:07:47 [info     ] New Apex Bug! (FITNESS_LONGEVITY Score: 4647.7)
2026-06-03 17:07:53 [info     ] Generation stats               avg_score=1286.71 gen=48 top_score=4809.0
2026-06-03 17:07:53 [info     ] New Apex Bug! (FITNESS_LONGEVITY Score: 4809.0)
2026-06-03 17:07:59 [info     ] Generation stats               avg_score=1400.24 gen=49 top_score=4519.3
2026-06-03 17:08:06 [info     ] Generation stats               avg_score=1367.44 gen=50 top_score=5000.0
2026-06-03 17:08:06 [info     ] New Apex Bug! (FITNESS_LONGEVITY Score: 5000.0)
2026-06-03 17:08:06 [info     ] 
--- NeuralBug EVOLUTION COMPLETE ---
2026-06-03 17:08:06 [info     ] NeuralBug saved successfully to best-reactive-bug-crossover-utrap-longevity.json
2026-06-03 17:08:06 [info     ] --- STARTING MemoryBug EVOLUTION (FITNESS_LONGEVITY) ---
2026-06-03 17:08:06 [info     ] Generations: 50 | Population: 500 | Trials: 3
2026-06-03 17:08:06 [info     ] Generation stats               avg_score=59.49 gen=1 top_score=175.3
2026-06-03 17:08:06 [info     ] New Apex Bug! (FITNESS_LONGEVITY Score: 175.3)
2026-06-03 17:08:07 [info     ] Generation stats               avg_score=75.65 gen=2 top_score=250.3
2026-06-03 17:08:07 [info     ] New Apex Bug! (FITNESS_LONGEVITY Score: 250.3)
2026-06-03 17:08:07 [info     ] Generation stats               avg_score=90.51 gen=3 top_score=302.0
2026-06-03 17:08:07 [info     ] New Apex Bug! (FITNESS_LONGEVITY Score: 302.0)
2026-06-03 17:08:08 [info     ] Generation stats               avg_score=97.64 gen=4 top_score=306.3
2026-06-03 17:08:08 [info     ] New Apex Bug! (FITNESS_LONGEVITY Score: 306.3)
2026-06-03 17:08:08 [info     ] Generation stats               avg_score=102.57 gen=5 top_score=329.0
2026-06-03 17:08:08 [info     ] New Apex Bug! (FITNESS_LONGEVITY Score: 329.0)
2026-06-03 17:08:09 [info     ] Generation stats               avg_score=109.61 gen=6 top_score=380.7
2026-06-03 17:08:09 [info     ] New Apex Bug! (FITNESS_LONGEVITY Score: 380.7)
2026-06-03 17:08:10 [info     ] Generation stats               avg_score=121.88 gen=7 top_score=440.7
2026-06-03 17:08:10 [info     ] New Apex Bug! (FITNESS_LONGEVITY Score: 440.7)
2026-06-03 17:08:10 [info     ] Generation stats               avg_score=128.21 gen=8 top_score=412.0
2026-06-03 17:08:11 [info     ] Generation stats               avg_score=140.34 gen=9 top_score=498.0
2026-06-03 17:08:11 [info     ] New Apex Bug! (FITNESS_LONGEVITY Score: 498.0)
2026-06-03 17:08:12 [info     ] Generation stats               avg_score=139.57 gen=10 top_score=413.0
2026-06-03 17:08:13 [info     ] Generation stats               avg_score=147.87 gen=11 top_score=451.0
2026-06-03 17:08:14 [info     ] Generation stats               avg_score=149.94 gen=12 top_score=482.3
2026-06-03 17:08:15 [info     ] Generation stats               avg_score=157.22 gen=13 top_score=681.0
2026-06-03 17:08:15 [info     ] New Apex Bug! (FITNESS_LONGEVITY Score: 681.0)
2026-06-03 17:08:16 [info     ] Generation stats               avg_score=161.27 gen=14 top_score=517.7
2026-06-03 17:08:17 [info     ] Generation stats               avg_score=168.99 gen=15 top_score=524.7
2026-06-03 17:08:18 [info     ] Generation stats               avg_score=178.76 gen=16 top_score=762.7
2026-06-03 17:08:18 [info     ] New Apex Bug! (FITNESS_LONGEVITY Score: 762.7)
2026-06-03 17:08:19 [info     ] Generation stats               avg_score=186.98 gen=17 top_score=780.7
2026-06-03 17:08:19 [info     ] New Apex Bug! (FITNESS_LONGEVITY Score: 780.7)
2026-06-03 17:08:20 [info     ] Generation stats               avg_score=202.22 gen=18 top_score=768.7
2026-06-03 17:08:21 [info     ] Generation stats               avg_score=209.26 gen=19 top_score=1114.3
2026-06-03 17:08:21 [info     ] New Apex Bug! (FITNESS_LONGEVITY Score: 1114.3)
2026-06-03 17:08:22 [info     ] Generation stats               avg_score=222.14 gen=20 top_score=1171.0
2026-06-03 17:08:22 [info     ] New Apex Bug! (FITNESS_LONGEVITY Score: 1171.0)
2026-06-03 17:08:23 [info     ] Generation stats               avg_score=243.74 gen=21 top_score=1125.3
2026-06-03 17:08:25 [info     ] Generation stats               avg_score=279.81 gen=22 top_score=882.7
2026-06-03 17:08:26 [info     ] Generation stats               avg_score=291.18 gen=23 top_score=1244.0
2026-06-03 17:08:26 [info     ] New Apex Bug! (FITNESS_LONGEVITY Score: 1244.0)
2026-06-03 17:08:28 [info     ] Generation stats               avg_score=300.20 gen=24 top_score=1437.0
2026-06-03 17:08:28 [info     ] New Apex Bug! (FITNESS_LONGEVITY Score: 1437.0)
2026-06-03 17:08:30 [info     ] Generation stats               avg_score=292.17 gen=25 top_score=1500.0
2026-06-03 17:08:30 [info     ] New Apex Bug! (FITNESS_LONGEVITY Score: 1500.0)
2026-06-03 17:08:32 [info     ] Generation stats               avg_score=317.43 gen=26 top_score=1352.0
2026-06-03 17:08:34 [info     ] Generation stats               avg_score=333.87 gen=27 top_score=1552.3
2026-06-03 17:08:34 [info     ] New Apex Bug! (FITNESS_LONGEVITY Score: 1552.3)
2026-06-03 17:08:35 [info     ] Generation stats               avg_score=343.64 gen=28 top_score=1578.3
2026-06-03 17:08:35 [info     ] New Apex Bug! (FITNESS_LONGEVITY Score: 1578.3)
2026-06-03 17:08:37 [info     ] Generation stats               avg_score=357.32 gen=29 top_score=1540.0
2026-06-03 17:08:39 [info     ] Generation stats               avg_score=365.78 gen=30 top_score=1396.0
2026-06-03 17:08:41 [info     ] Generation stats               avg_score=369.37 gen=31 top_score=1697.3
2026-06-03 17:08:41 [info     ] New Apex Bug! (FITNESS_LONGEVITY Score: 1697.3)
2026-06-03 17:08:44 [info     ] Generation stats               avg_score=384.62 gen=32 top_score=1330.0
2026-06-03 17:09:09 [info     ] --- STARTING NeuralBug EVOLUTION (FITNESS_LONGEVITY) ---
2026-06-03 17:09:09 [info     ] Generations: 50 | Population: 500 | Trials: 3
2026-06-03 17:09:09 [info     ] Generation stats               avg_score=52.55 gen=1 top_score=84.3
2026-06-03 17:09:09 [info     ] New Apex Bug! (FITNESS_LONGEVITY Score: 84.3)
2026-06-03 17:09:09 [info     ] Generation stats               avg_score=53.45 gen=2 top_score=88.3
2026-06-03 17:09:09 [info     ] New Apex Bug! (FITNESS_LONGEVITY Score: 88.3)
2026-06-03 17:09:09 [info     ] Generation stats               avg_score=53.38 gen=3 top_score=80.7
2026-06-03 17:09:10 [info     ] Generation stats               avg_score=53.85 gen=4 top_score=97.0
2026-06-03 17:09:10 [info     ] New Apex Bug! (FITNESS_LONGEVITY Score: 97.0)
2026-06-03 17:09:10 [info     ] Generation stats               avg_score=53.70 gen=5 top_score=88.3
2026-06-03 17:09:10 [info     ] Generation stats               avg_score=54.69 gen=6 top_score=91.3
2026-06-03 17:09:10 [info     ] Generation stats               avg_score=54.96 gen=7 top_score=90.0
2026-06-03 17:09:11 [info     ] Generation stats               avg_score=54.51 gen=8 top_score=97.7
2026-06-03 17:09:11 [info     ] New Apex Bug! (FITNESS_LONGEVITY Score: 97.7)
2026-06-03 17:09:11 [info     ] Generation stats               avg_score=55.16 gen=9 top_score=106.0
2026-06-03 17:09:11 [info     ] New Apex Bug! (FITNESS_LONGEVITY Score: 106.0)
2026-06-03 17:09:11 [info     ] Generation stats               avg_score=56.44 gen=10 top_score=103.0
2026-06-03 17:09:12 [info     ] Generation stats               avg_score=56.44 gen=11 top_score=93.3
2026-06-03 17:09:12 [info     ] Generation stats               avg_score=57.64 gen=12 top_score=157.0
2026-06-03 17:09:12 [info     ] New Apex Bug! (FITNESS_LONGEVITY Score: 157.0)
2026-06-03 17:09:12 [info     ] Generation stats               avg_score=56.66 gen=13 top_score=91.3
2026-06-03 17:09:13 [info     ] Generation stats               avg_score=56.62 gen=14 top_score=100.7
2026-06-03 17:09:13 [info     ] Generation stats               avg_score=57.10 gen=15 top_score=118.3
2026-06-03 17:09:13 [info     ] Generation stats               avg_score=57.38 gen=16 top_score=115.3
2026-06-03 17:09:14 [info     ] Generation stats               avg_score=58.32 gen=17 top_score=158.7
2026-06-03 17:09:14 [info     ] New Apex Bug! (FITNESS_LONGEVITY Score: 158.7)
2026-06-03 17:09:14 [info     ] Generation stats               avg_score=57.73 gen=18 top_score=106.0
2026-06-03 17:09:14 [info     ] Generation stats               avg_score=58.77 gen=19 top_score=112.0
2026-06-03 17:09:15 [info     ] Generation stats               avg_score=59.17 gen=20 top_score=105.7
2026-06-03 17:09:15 [info     ] Generation stats               avg_score=60.34 gen=21 top_score=136.0
2026-06-03 17:09:15 [info     ] Generation stats               avg_score=60.52 gen=22 top_score=156.0
2026-06-03 17:09:16 [info     ] Generation stats               avg_score=60.26 gen=23 top_score=128.3
2026-06-03 17:09:16 [info     ] Generation stats               avg_score=62.62 gen=24 top_score=146.0
2026-06-03 17:09:16 [info     ] Generation stats               avg_score=62.29 gen=25 top_score=138.3
2026-06-03 17:09:17 [info     ] Generation stats               avg_score=63.80 gen=26 top_score=169.3
2026-06-03 17:09:17 [info     ] New Apex Bug! (FITNESS_LONGEVITY Score: 169.3)
2026-06-03 17:09:17 [info     ] Generation stats               avg_score=64.82 gen=27 top_score=165.0
2026-06-03 17:09:17 [info     ] Generation stats               avg_score=66.36 gen=28 top_score=151.0
2026-06-03 17:09:18 [info     ] Generation stats               avg_score=69.35 gen=29 top_score=178.3
2026-06-03 17:09:18 [info     ] New Apex Bug! (FITNESS_LONGEVITY Score: 178.3)
2026-06-03 17:09:18 [info     ] Generation stats               avg_score=71.16 gen=30 top_score=164.0
2026-06-03 17:09:18 [info     ] Generation stats               avg_score=72.30 gen=31 top_score=179.0
2026-06-03 17:09:18 [info     ] New Apex Bug! (FITNESS_LONGEVITY Score: 179.0)
2026-06-03 17:09:19 [info     ] Generation stats               avg_score=74.05 gen=32 top_score=183.3
2026-06-03 17:09:19 [info     ] New Apex Bug! (FITNESS_LONGEVITY Score: 183.3)
2026-06-03 17:09:19 [info     ] Generation stats               avg_score=74.99 gen=33 top_score=184.3
2026-06-03 17:09:19 [info     ] New Apex Bug! (FITNESS_LONGEVITY Score: 184.3)
2026-06-03 17:09:19 [info     ] Generation stats               avg_score=77.14 gen=34 top_score=160.0
2026-06-03 17:09:20 [info     ] Generation stats               avg_score=77.75 gen=35 top_score=180.3
2026-06-03 17:09:20 [info     ] Generation stats               avg_score=80.51 gen=36 top_score=185.7
2026-06-03 17:09:20 [info     ] New Apex Bug! (FITNESS_LONGEVITY Score: 185.7)
2026-06-03 17:09:21 [info     ] Generation stats               avg_score=81.55 gen=37 top_score=188.7
2026-06-03 17:09:21 [info     ] New Apex Bug! (FITNESS_LONGEVITY Score: 188.7)
2026-06-03 17:09:21 [info     ] Generation stats               avg_score=83.79 gen=38 top_score=265.7
2026-06-03 17:09:21 [info     ] New Apex Bug! (FITNESS_LONGEVITY Score: 265.7)
2026-06-03 17:09:21 [info     ] Generation stats               avg_score=82.89 gen=39 top_score=224.3
2026-06-03 17:09:22 [info     ] Generation stats               avg_score=85.66 gen=40 top_score=191.7
2026-06-03 17:09:22 [info     ] Generation stats               avg_score=85.65 gen=41 top_score=177.0
2026-06-03 17:09:23 [info     ] Generation stats               avg_score=88.35 gen=42 top_score=207.7
2026-06-03 17:09:23 [info     ] Generation stats               avg_score=87.94 gen=43 top_score=209.0
2026-06-03 17:09:23 [info     ] Generation stats               avg_score=87.78 gen=44 top_score=195.0
2026-06-03 17:09:24 [info     ] Generation stats               avg_score=89.79 gen=45 top_score=218.7
2026-06-03 17:09:24 [info     ] Generation stats               avg_score=88.39 gen=46 top_score=196.3
2026-06-03 17:09:25 [info     ] Generation stats               avg_score=93.53 gen=47 top_score=213.0
2026-06-03 17:09:25 [info     ] Generation stats               avg_score=91.36 gen=48 top_score=222.7
2026-06-03 17:09:26 [info     ] Generation stats               avg_score=91.74 gen=49 top_score=195.0
2026-06-03 17:09:26 [info     ] Generation stats               avg_score=93.98 gen=50 top_score=240.0
2026-06-03 17:09:26 [info     ] 
--- NeuralBug EVOLUTION COMPLETE ---
2026-06-03 17:09:26 [info     ] NeuralBug saved successfully to best-reactive-bug-crossover-utrap-longevity.json
2026-06-03 17:09:26 [info     ] --- STARTING MemoryBug EVOLUTION (FITNESS_LONGEVITY) ---
2026-06-03 17:09:26 [info     ] Generations: 50 | Population: 500 | Trials: 3
2026-06-03 17:09:27 [info     ] Generation stats               avg_score=54.01 gen=1 top_score=108.3
2026-06-03 17:09:27 [info     ] New Apex Bug! (FITNESS_LONGEVITY Score: 108.3)
2026-06-03 17:09:27 [info     ] Generation stats               avg_score=55.90 gen=2 top_score=87.0
2026-06-03 17:09:27 [info     ] Generation stats               avg_score=57.65 gen=3 top_score=118.0
2026-06-03 17:09:27 [info     ] New Apex Bug! (FITNESS_LONGEVITY Score: 118.0)
2026-06-03 17:09:28 [info     ] Generation stats               avg_score=62.13 gen=4 top_score=133.0
2026-06-03 17:09:28 [info     ] New Apex Bug! (FITNESS_LONGEVITY Score: 133.0)
2026-06-03 17:09:28 [info     ] Generation stats               avg_score=68.89 gen=5 top_score=153.7
2026-06-03 17:09:28 [info     ] New Apex Bug! (FITNESS_LONGEVITY Score: 153.7)
2026-06-03 17:09:28 [info     ] Generation stats               avg_score=74.57 gen=6 top_score=191.7
2026-06-03 17:09:28 [info     ] New Apex Bug! (FITNESS_LONGEVITY Score: 191.7)
2026-06-03 17:09:29 [info     ] Generation stats               avg_score=75.56 gen=7 top_score=190.7
2026-06-03 17:09:29 [info     ] Generation stats               avg_score=74.23 gen=8 top_score=165.3
2026-06-03 17:09:30 [info     ] Generation stats               avg_score=74.06 gen=9 top_score=154.0
2026-06-03 17:09:30 [info     ] Generation stats               avg_score=74.27 gen=10 top_score=183.7
2026-06-03 17:09:30 [info     ] Generation stats               avg_score=73.77 gen=11 top_score=158.3
2026-06-03 17:09:31 [info     ] Generation stats               avg_score=74.72 gen=12 top_score=145.7
2026-06-03 17:09:31 [info     ] Generation stats               avg_score=73.46 gen=13 top_score=153.3
2026-06-03 17:09:32 [info     ] Generation stats               avg_score=74.20 gen=14 top_score=141.7
2026-06-03 17:09:32 [info     ] Generation stats               avg_score=74.24 gen=15 top_score=152.0
2026-06-03 17:09:33 [info     ] Generation stats               avg_score=75.98 gen=16 top_score=174.7
2026-06-03 17:09:33 [info     ] Generation stats               avg_score=73.90 gen=17 top_score=160.7
2026-06-03 17:09:33 [info     ] Generation stats               avg_score=76.93 gen=18 top_score=150.7
2026-06-03 17:09:34 [info     ] Generation stats               avg_score=75.71 gen=19 top_score=164.3
2026-06-03 17:09:34 [info     ] Generation stats               avg_score=76.31 gen=20 top_score=154.0
2026-06-03 17:09:35 [info     ] Generation stats               avg_score=76.22 gen=21 top_score=188.7
2026-06-03 17:09:35 [info     ] Generation stats               avg_score=77.27 gen=22 top_score=173.0
2026-06-03 17:09:36 [info     ] Generation stats               avg_score=76.25 gen=23 top_score=180.0
2026-06-03 17:09:36 [info     ] Generation stats               avg_score=77.63 gen=24 top_score=179.7
2026-06-03 17:09:37 [info     ] Generation stats               avg_score=76.63 gen=25 top_score=161.0
2026-06-03 17:09:37 [info     ] Generation stats               avg_score=79.19 gen=26 top_score=162.0
2026-06-03 17:09:38 [info     ] Generation stats               avg_score=77.88 gen=27 top_score=163.3
2026-06-03 17:09:38 [info     ] Generation stats               avg_score=79.31 gen=28 top_score=176.7
2026-06-03 17:09:38 [info     ] Generation stats               avg_score=79.25 gen=29 top_score=177.7
2026-06-03 17:09:39 [info     ] Generation stats               avg_score=78.66 gen=30 top_score=186.7
2026-06-03 17:09:39 [info     ] Generation stats               avg_score=81.79 gen=31 top_score=187.7
2026-06-03 17:09:40 [info     ] Generation stats               avg_score=81.23 gen=32 top_score=173.7
2026-06-03 17:09:40 [info     ] Generation stats               avg_score=81.98 gen=33 top_score=166.3
2026-06-03 17:09:41 [info     ] Generation stats               avg_score=83.22 gen=34 top_score=203.0
2026-06-03 17:09:41 [info     ] New Apex Bug! (FITNESS_LONGEVITY Score: 203.0)
2026-06-03 17:09:41 [info     ] Generation stats               avg_score=83.69 gen=35 top_score=177.0
2026-06-03 17:09:42 [info     ] Generation stats               avg_score=84.36 gen=36 top_score=211.7
2026-06-03 17:09:42 [info     ] New Apex Bug! (FITNESS_LONGEVITY Score: 211.7)
2026-06-03 17:09:42 [info     ] Generation stats               avg_score=85.26 gen=37 top_score=234.0
2026-06-03 17:09:42 [info     ] New Apex Bug! (FITNESS_LONGEVITY Score: 234.0)
2026-06-03 17:09:43 [info     ] Generation stats               avg_score=83.40 gen=38 top_score=173.3
2026-06-03 17:09:43 [info     ] Generation stats               avg_score=84.01 gen=39 top_score=238.0
2026-06-03 17:09:43 [info     ] New Apex Bug! (FITNESS_LONGEVITY Score: 238.0)
2026-06-03 17:09:44 [info     ] Generation stats               avg_score=84.86 gen=40 top_score=207.0
2026-06-03 17:09:44 [info     ] Generation stats               avg_score=85.62 gen=41 top_score=189.3
2026-06-03 17:09:45 [info     ] Generation stats               avg_score=83.93 gen=42 top_score=206.0
2026-06-03 17:09:45 [info     ] Generation stats               avg_score=85.11 gen=43 top_score=273.7
2026-06-03 17:09:45 [info     ] New Apex Bug! (FITNESS_LONGEVITY Score: 273.7)
2026-06-03 17:09:46 [info     ] Generation stats               avg_score=86.98 gen=44 top_score=205.0
2026-06-03 17:09:46 [info     ] Generation stats               avg_score=86.74 gen=45 top_score=210.7
2026-06-03 17:09:47 [info     ] Generation stats               avg_score=85.55 gen=46 top_score=187.3
2026-06-03 17:09:47 [info     ] Generation stats               avg_score=86.70 gen=47 top_score=277.0
2026-06-03 17:09:47 [info     ] New Apex Bug! (FITNESS_LONGEVITY Score: 277.0)
2026-06-03 17:09:48 [info     ] Generation stats               avg_score=87.17 gen=48 top_score=203.3
2026-06-03 17:09:48 [info     ] Generation stats               avg_score=86.93 gen=49 top_score=203.3
2026-06-03 17:09:49 [info     ] Generation stats               avg_score=87.49 gen=50 top_score=221.3
2026-06-03 17:09:49 [info     ] 
--- MemoryBug EVOLUTION COMPLETE ---
2026-06-03 17:09:49 [info     ] MemoryBug saved successfully to best-neural-bug-crossover-utrap-longevity.json
